<?xml version="1.0" encoding="UTF-8"?>
<testsuite xmlns:xsi="http://www.w3.org/2001/XMLSchema-instance" xsi:noNamespaceSchemaLocation="https://maven.apache.org/surefire/maven-surefire-plugin/xsd/surefire-test-report.xsd" name="testcases.CWE113_HTTP_Response_Splitting.s01.CWE113_HTTP_Response_Splitting__Environment_setHeaderServlet_12Test" time="0.195" tests="1" errors="0" skipped="0" failures="1">
  <properties>
    <property name="gopherProxySet" value="false"/>
    <property name="awt.toolkit" value="sun.lwawt.macosx.LWCToolkit"/>
    <property name="java.specification.version" value="11"/>
    <property name="sun.cpu.isalist" value=""/>
    <property name="sun.jnu.encoding" value="UTF-8"/>
    <property name="java.class.path" value="/Users/vlopes/Desktop/git-projects/repo-for-test/testcase-29-commits/target/test-classes:/Users/vlopes/Desktop/git-projects/repo-for-test/testcase-29-commits/target/classes:/Users/vlopes/.m2/repository/org/junit/jupiter/junit-jupiter-api/5.7.2/junit-jupiter-api-5.7.2.jar:/Users/vlopes/.m2/repository/org/apiguardian/apiguardian-api/1.1.0/apiguardian-api-1.1.0.jar:/Users/vlopes/.m2/repository/org/opentest4j/opentest4j/1.2.0/opentest4j-1.2.0.jar:/Users/vlopes/.m2/repository/org/junit/platform/junit-platform-commons/1.7.2/junit-platform-commons-1.7.2.jar:/Users/vlopes/.m2/repository/org/junit/jupiter/junit-jupiter-engine/5.7.2/junit-jupiter-engine-5.7.2.jar:/Users/vlopes/.m2/repository/org/junit/platform/junit-platform-engine/1.7.2/junit-platform-engine-1.7.2.jar:/Users/vlopes/.m2/repository/org/mockito/mockito-core/3.12.4/mockito-core-3.12.4.jar:/Users/vlopes/.m2/repository/net/bytebuddy/byte-buddy/1.11.13/byte-buddy-1.11.13.jar:/Users/vlopes/.m2/repository/net/bytebuddy/byte-buddy-agent/1.11.13/byte-buddy-agent-1.11.13.jar:/Users/vlopes/.m2/repository/org/objenesis/objenesis/3.2/objenesis-3.2.jar:/Users/vlopes/.m2/repository/javax/servlet/javax.servlet-api/4.0.1/javax.servlet-api-4.0.1.jar:/Users/vlopes/.m2/repository/javax/mail/mail/1.4.7/mail-1.4.7.jar:/Users/vlopes/.m2/repository/javax/activation/activation/1.1/activation-1.1.jar:/Users/vlopes/.m2/repository/commons-codec/commons-codec/1.15/commons-codec-1.15.jar:/Users/vlopes/.m2/repository/commons-lang/commons-lang/2.6/commons-lang-2.6.jar:"/>
    <property name="java.vm.vendor" value="Amazon.com Inc."/>
    <property name="sun.arch.data.model" value="64"/>
    <property name="java.vendor.url" value="https://aws.amazon.com/corretto/"/>
    <property name="user.timezone" value=""/>
    <property name="java.vm.specification.version" value="11"/>
    <property name="os.name" value="Mac OS X"/>
    <property name="sun.java.launcher" value="SUN_STANDARD"/>
    <property name="user.country" value="US"/>
    <property name="sun.boot.library.path" value="/Users/vlopes/Library/Java/JavaVirtualMachines/corretto-11.0.25/Contents/Home/lib"/>
    <property name="sun.java.command" value="/Users/vlopes/Desktop/git-projects/repo-for-test/testcase-29-commits/target/surefire/surefirebooter16203031487506637115.jar /Users/vlopes/Desktop/git-projects/repo-for-test/testcase-29-commits/target/surefire 2025-07-24T21-04-27_566-jvmRun1 surefire1438729231272849671tmp surefire_02335931087030775002tmp"/>
    <property name="http.nonProxyHosts" value="local|*.local|169.254/16|*.169.254/16"/>
    <property name="jdk.debug" value="release"/>
    <property name="surefire.test.class.path" value="/Users/vlopes/Desktop/git-projects/repo-for-test/testcase-29-commits/target/test-classes:/Users/vlopes/Desktop/git-projects/repo-for-test/testcase-29-commits/target/classes:/Users/vlopes/.m2/repository/org/junit/jupiter/junit-jupiter-api/5.7.2/junit-jupiter-api-5.7.2.jar:/Users/vlopes/.m2/repository/org/apiguardian/apiguardian-api/1.1.0/apiguardian-api-1.1.0.jar:/Users/vlopes/.m2/repository/org/opentest4j/opentest4j/1.2.0/opentest4j-1.2.0.jar:/Users/vlopes/.m2/repository/org/junit/platform/junit-platform-commons/1.7.2/junit-platform-commons-1.7.2.jar:/Users/vlopes/.m2/repository/org/junit/jupiter/junit-jupiter-engine/5.7.2/junit-jupiter-engine-5.7.2.jar:/Users/vlopes/.m2/repository/org/junit/platform/junit-platform-engine/1.7.2/junit-platform-engine-1.7.2.jar:/Users/vlopes/.m2/repository/org/mockito/mockito-core/3.12.4/mockito-core-3.12.4.jar:/Users/vlopes/.m2/repository/net/bytebuddy/byte-buddy/1.11.13/byte-buddy-1.11.13.jar:/Users/vlopes/.m2/repository/net/bytebuddy/byte-buddy-agent/1.11.13/byte-buddy-agent-1.11.13.jar:/Users/vlopes/.m2/repository/org/objenesis/objenesis/3.2/objenesis-3.2.jar:/Users/vlopes/.m2/repository/javax/servlet/javax.servlet-api/4.0.1/javax.servlet-api-4.0.1.jar:/Users/vlopes/.m2/repository/javax/mail/mail/1.4.7/mail-1.4.7.jar:/Users/vlopes/.m2/repository/javax/activation/activation/1.1/activation-1.1.jar:/Users/vlopes/.m2/repository/commons-codec/commons-codec/1.15/commons-codec-1.15.jar:/Users/vlopes/.m2/repository/commons-lang/commons-lang/2.6/commons-lang-2.6.jar:"/>
    <property name="sun.cpu.endian" value="little"/>
    <property name="user.home" value="/Users/vlopes"/>
    <property name="user.language" value="en"/>
    <property name="java.specification.vendor" value="Oracle Corporation"/>
    <property name="java.version.date" value="2024-10-15"/>
    <property name="java.home" value="/Users/vlopes/Library/Java/JavaVirtualMachines/corretto-11.0.25/Contents/Home"/>
    <property name="file.separator" value="/"/>
    <property name="basedir" value="/Users/vlopes/Desktop/git-projects/repo-for-test/testcase-29-commits"/>
    <property name="java.vm.compressedOopsMode" value="Zero based"/>
    <property name="line.separator" value="&#10;"/>
    <property name="java.specification.name" value="Java Platform API Specification"/>
    <property name="java.vm.specification.vendor" value="Oracle Corporation"/>
    <property name="java.awt.graphicsenv" value="sun.awt.CGraphicsEnvironment"/>
    <property name="surefire.real.class.path" value="/Users/vlopes/Desktop/git-projects/repo-for-test/testcase-29-commits/target/surefire/surefirebooter16203031487506637115.jar"/>
    <property name="sun.management.compiler" value="HotSpot 64-Bit Tiered Compilers"/>
    <property name="ftp.nonProxyHosts" value="local|*.local|169.254/16|*.169.254/16"/>
    <property name="java.runtime.version" value="11.0.25+9-LTS"/>
    <property name="user.name" value="vlopes"/>
    <property name="path.separator" value=":"/>
    <property name="os.version" value="16.0"/>
    <property name="java.runtime.name" value="OpenJDK Runtime Environment"/>
    <property name="file.encoding" value="UTF-8"/>
    <property name="java.vm.name" value="OpenJDK 64-Bit Server VM"/>
    <property name="java.vendor.version" value="Corretto-11.0.25.9.1"/>
    <property name="localRepository" value="/Users/vlopes/.m2/repository"/>
    <property name="java.vendor.url.bug" value="https://github.com/corretto/corretto-11/issues/"/>
    <property name="java.io.tmpdir" value="/var/folders/xs/vfc42l1s30gf_gqns1p_lh740000gn/T/"/>
    <property name="java.version" value="11.0.25"/>
    <property name="user.dir" value="/Users/vlopes/Desktop/git-projects/repo-for-test/testcase-29-commits"/>
    <property name="os.arch" value="aarch64"/>
    <property name="java.vm.specification.name" value="Java Virtual Machine Specification"/>
    <property name="java.awt.printerjob" value="sun.lwawt.macosx.CPrinterJob"/>
    <property name="sun.os.patch.level" value="unknown"/>
    <property name="java.library.path" value="/Users/vlopes/Library/Java/Extensions:/Library/Java/Extensions:/Network/Library/Java/Extensions:/System/Library/Java/Extensions:/usr/lib/java:."/>
    <property name="java.vm.info" value="mixed mode"/>
    <property name="java.vendor" value="Amazon.com Inc."/>
    <property name="java.vm.version" value="11.0.25+9-LTS"/>
    <property name="java.specification.maintenance.version" value="3"/>
    <property name="sun.io.unicode.encoding" value="UnicodeBig"/>
    <property name="java.class.version" value="55.0"/>
    <property name="socksNonProxyHosts" value="local|*.local|169.254/16|*.169.254/16"/>
  </properties>
  <testcase name="testBadMethodVulnerability" classname="testcases.CWE113_HTTP_Response_Splitting.s01.CWE113_HTTP_Response_Splitting__Environment_setHeaderServlet_12Test" time="0.193">
    <failure message="&#10;Wanted but not invoked:&#10;httpServletResponse.setHeader(&#10;    &quot;Location&quot;,&#10;    contains(&quot;en-US%0d%0aContent-Length:%200&quot;)&#10;);&#10;-&gt; at testcases.CWE113_HTTP_Response_Splitting.s01.CWE113_HTTP_Response_Splitting__Environment_setHeaderServlet_12Test.testBadMethodVulnerability(CWE113_HTTP_Response_Splitting__Environment_setHeaderServlet_12Test.java:41)&#10;Actually, there were zero interactions with this mock.&#10;" type="org.mockito.exceptions.verification.WantedButNotInvoked">org.mockito.exceptions.verification.WantedButNotInvoked: 

Wanted but not invoked:
httpServletResponse.setHeader(
    "Location",
    contains("en-US%0d%0aContent-Length:%200")
);
-> at testcases.CWE113_HTTP_Response_Splitting.s01.CWE113_HTTP_Response_Splitting__Environment_setHeaderServlet_12Test.testBadMethodVulnerability(CWE113_HTTP_Response_Splitting__Environment_setHeaderServlet_12Test.java:41)
Actually, there were zero interactions with this mock.

	at testcases.CWE113_HTTP_Response_Splitting.s01.CWE113_HTTP_Response_Splitting__Environment_setHeaderServlet_12Test.testBadMethodVulnerability(CWE113_HTTP_Response_Splitting__Environment_setHeaderServlet_12Test.java:41)
</failure>
  </testcase>
</testsuite>